CRITICAL - 2025-06-26 07:17:50 --> CodeIgniter\View\Exceptions\ViewException: App\Cells\ArtikelTerkini::render is not a valid method.
[Method: GET, Route: /]
in SYSTEMPATH\View\Cell.php on line 99.
 1 SYSTEMPATH\View\Cell.php(99): CodeIgniter\View\Exceptions\ViewException::forInvalidCellMethod('App\\Cells\\ArtikelTerkini', 'render')
 2 SYSTEMPATH\Common.php(1189): CodeIgniter\View\Cell->render('App\\Cells\\ArtikelTerkini::render', [...], 0, 'AppCellsArtikelTerkinirenderffb116c47d34b87c65e28f5cf9b64d88')
 3 APPPATH\Views\home.php(7): view_cell('App\\Cells\\ArtikelTerkini::render', [...])
 4 SYSTEMPATH\View\View.php(224): include('C:\\xampp\\htdocs\\lab11_ci\\ci4\\app\\Views\\home.php')
 5 SYSTEMPATH\View\View.php(227): CodeIgniter\View\View->CodeIgniter\View\{closure}()
 6 SYSTEMPATH\Common.php(1173): CodeIgniter\View\View->render('home', [], true)
 7 APPPATH\Controllers\Home.php(13): view('home', [...])
 8 SYSTEMPATH\CodeIgniter.php(933): App\Controllers\Home->index()
 9 SYSTEMPATH\CodeIgniter.php(507): CodeIgniter\CodeIgniter->runController(Object(App\Controllers\Home))
10 SYSTEMPATH\CodeIgniter.php(354): CodeIgniter\CodeIgniter->handleRequest(null, Object(Config\Cache), false)
11 SYSTEMPATH\Boot.php(334): CodeIgniter\CodeIgniter->run()
12 SYSTEMPATH\Boot.php(67): CodeIgniter\Boot::runCodeIgniter(Object(CodeIgniter\CodeIgniter))
13 FCPATH\index.php(56): CodeIgniter\Boot::bootWeb(Object(Config\Paths))
14 SYSTEMPATH\rewrite.php(44): require_once('C:\\xampp\\htdocs\\lab11_ci\\ci4\\public\\index.php')
CRITICAL - 2025-06-26 07:24:26 --> CodeIgniter\View\Exceptions\ViewException: App\Cells\ArtikelTerkini::render is not a valid method.
[Method: GET, Route: /]
in SYSTEMPATH\View\Cell.php on line 99.
 1 SYSTEMPATH\View\Cell.php(99): CodeIgniter\View\Exceptions\ViewException::forInvalidCellMethod('App\\Cells\\ArtikelTerkini', 'render')
 2 SYSTEMPATH\Common.php(1189): CodeIgniter\View\Cell->render('App\\Cells\\ArtikelTerkini::render', [...], 0, 'AppCellsArtikelTerkinirenderffb116c47d34b87c65e28f5cf9b64d88')
 3 APPPATH\Views\home.php(7): view_cell('App\\Cells\\ArtikelTerkini::render', [...])
 4 SYSTEMPATH\View\View.php(224): include('C:\\xampp\\htdocs\\lab11_ci\\ci4\\app\\Views\\home.php')
 5 SYSTEMPATH\View\View.php(227): CodeIgniter\View\View->CodeIgniter\View\{closure}()
 6 SYSTEMPATH\Common.php(1173): CodeIgniter\View\View->render('home', [], true)
 7 APPPATH\Controllers\Home.php(13): view('home', [...])
 8 SYSTEMPATH\CodeIgniter.php(933): App\Controllers\Home->index()
 9 SYSTEMPATH\CodeIgniter.php(507): CodeIgniter\CodeIgniter->runController(Object(App\Controllers\Home))
10 SYSTEMPATH\CodeIgniter.php(354): CodeIgniter\CodeIgniter->handleRequest(null, Object(Config\Cache), false)
11 SYSTEMPATH\Boot.php(334): CodeIgniter\CodeIgniter->run()
12 SYSTEMPATH\Boot.php(67): CodeIgniter\Boot::runCodeIgniter(Object(CodeIgniter\CodeIgniter))
13 FCPATH\index.php(56): CodeIgniter\Boot::bootWeb(Object(Config\Paths))
14 SYSTEMPATH\rewrite.php(44): require_once('C:\\xampp\\htdocs\\lab11_ci\\ci4\\public\\index.php')
CRITICAL - 2025-06-26 07:24:27 --> CodeIgniter\View\Exceptions\ViewException: App\Cells\ArtikelTerkini::render is not a valid method.
[Method: GET, Route: /]
in SYSTEMPATH\View\Cell.php on line 99.
 1 SYSTEMPATH\View\Cell.php(99): CodeIgniter\View\Exceptions\ViewException::forInvalidCellMethod('App\\Cells\\ArtikelTerkini', 'render')
 2 SYSTEMPATH\Common.php(1189): CodeIgniter\View\Cell->render('App\\Cells\\ArtikelTerkini::render', [...], 0, 'AppCellsArtikelTerkinirenderffb116c47d34b87c65e28f5cf9b64d88')
 3 APPPATH\Views\home.php(7): view_cell('App\\Cells\\ArtikelTerkini::render', [...])
 4 SYSTEMPATH\View\View.php(224): include('C:\\xampp\\htdocs\\lab11_ci\\ci4\\app\\Views\\home.php')
 5 SYSTEMPATH\View\View.php(227): CodeIgniter\View\View->CodeIgniter\View\{closure}()
 6 SYSTEMPATH\Common.php(1173): CodeIgniter\View\View->render('home', [], true)
 7 APPPATH\Controllers\Home.php(13): view('home', [...])
 8 SYSTEMPATH\CodeIgniter.php(933): App\Controllers\Home->index()
 9 SYSTEMPATH\CodeIgniter.php(507): CodeIgniter\CodeIgniter->runController(Object(App\Controllers\Home))
10 SYSTEMPATH\CodeIgniter.php(354): CodeIgniter\CodeIgniter->handleRequest(null, Object(Config\Cache), false)
11 SYSTEMPATH\Boot.php(334): CodeIgniter\CodeIgniter->run()
12 SYSTEMPATH\Boot.php(67): CodeIgniter\Boot::runCodeIgniter(Object(CodeIgniter\CodeIgniter))
13 FCPATH\index.php(56): CodeIgniter\Boot::bootWeb(Object(Config\Paths))
14 SYSTEMPATH\rewrite.php(44): require_once('C:\\xampp\\htdocs\\lab11_ci\\ci4\\public\\index.php')
CRITICAL - 2025-06-26 07:24:28 --> CodeIgniter\View\Exceptions\ViewException: App\Cells\ArtikelTerkini::render is not a valid method.
[Method: GET, Route: /]
in SYSTEMPATH\View\Cell.php on line 99.
 1 SYSTEMPATH\View\Cell.php(99): CodeIgniter\View\Exceptions\ViewException::forInvalidCellMethod('App\\Cells\\ArtikelTerkini', 'render')
 2 SYSTEMPATH\Common.php(1189): CodeIgniter\View\Cell->render('App\\Cells\\ArtikelTerkini::render', [...], 0, 'AppCellsArtikelTerkinirenderffb116c47d34b87c65e28f5cf9b64d88')
 3 APPPATH\Views\home.php(7): view_cell('App\\Cells\\ArtikelTerkini::render', [...])
 4 SYSTEMPATH\View\View.php(224): include('C:\\xampp\\htdocs\\lab11_ci\\ci4\\app\\Views\\home.php')
 5 SYSTEMPATH\View\View.php(227): CodeIgniter\View\View->CodeIgniter\View\{closure}()
 6 SYSTEMPATH\Common.php(1173): CodeIgniter\View\View->render('home', [], true)
 7 APPPATH\Controllers\Home.php(13): view('home', [...])
 8 SYSTEMPATH\CodeIgniter.php(933): App\Controllers\Home->index()
 9 SYSTEMPATH\CodeIgniter.php(507): CodeIgniter\CodeIgniter->runController(Object(App\Controllers\Home))
10 SYSTEMPATH\CodeIgniter.php(354): CodeIgniter\CodeIgniter->handleRequest(null, Object(Config\Cache), false)
11 SYSTEMPATH\Boot.php(334): CodeIgniter\CodeIgniter->run()
12 SYSTEMPATH\Boot.php(67): CodeIgniter\Boot::runCodeIgniter(Object(CodeIgniter\CodeIgniter))
13 FCPATH\index.php(56): CodeIgniter\Boot::bootWeb(Object(Config\Paths))
14 SYSTEMPATH\rewrite.php(44): require_once('C:\\xampp\\htdocs\\lab11_ci\\ci4\\public\\index.php')
CRITICAL - 2025-06-26 07:24:29 --> CodeIgniter\View\Exceptions\ViewException: App\Cells\ArtikelTerkini::render is not a valid method.
[Method: GET, Route: /]
in SYSTEMPATH\View\Cell.php on line 99.
 1 SYSTEMPATH\View\Cell.php(99): CodeIgniter\View\Exceptions\ViewException::forInvalidCellMethod('App\\Cells\\ArtikelTerkini', 'render')
 2 SYSTEMPATH\Common.php(1189): CodeIgniter\View\Cell->render('App\\Cells\\ArtikelTerkini::render', [...], 0, 'AppCellsArtikelTerkinirenderffb116c47d34b87c65e28f5cf9b64d88')
 3 APPPATH\Views\home.php(7): view_cell('App\\Cells\\ArtikelTerkini::render', [...])
 4 SYSTEMPATH\View\View.php(224): include('C:\\xampp\\htdocs\\lab11_ci\\ci4\\app\\Views\\home.php')
 5 SYSTEMPATH\View\View.php(227): CodeIgniter\View\View->CodeIgniter\View\{closure}()
 6 SYSTEMPATH\Common.php(1173): CodeIgniter\View\View->render('home', [], true)
 7 APPPATH\Controllers\Home.php(13): view('home', [...])
 8 SYSTEMPATH\CodeIgniter.php(933): App\Controllers\Home->index()
 9 SYSTEMPATH\CodeIgniter.php(507): CodeIgniter\CodeIgniter->runController(Object(App\Controllers\Home))
10 SYSTEMPATH\CodeIgniter.php(354): CodeIgniter\CodeIgniter->handleRequest(null, Object(Config\Cache), false)
11 SYSTEMPATH\Boot.php(334): CodeIgniter\CodeIgniter->run()
12 SYSTEMPATH\Boot.php(67): CodeIgniter\Boot::runCodeIgniter(Object(CodeIgniter\CodeIgniter))
13 FCPATH\index.php(56): CodeIgniter\Boot::bootWeb(Object(Config\Paths))
14 SYSTEMPATH\rewrite.php(44): require_once('C:\\xampp\\htdocs\\lab11_ci\\ci4\\public\\index.php')
CRITICAL - 2025-06-26 07:24:29 --> CodeIgniter\View\Exceptions\ViewException: App\Cells\ArtikelTerkini::render is not a valid method.
[Method: GET, Route: /]
in SYSTEMPATH\View\Cell.php on line 99.
 1 SYSTEMPATH\View\Cell.php(99): CodeIgniter\View\Exceptions\ViewException::forInvalidCellMethod('App\\Cells\\ArtikelTerkini', 'render')
 2 SYSTEMPATH\Common.php(1189): CodeIgniter\View\Cell->render('App\\Cells\\ArtikelTerkini::render', [...], 0, 'AppCellsArtikelTerkinirenderffb116c47d34b87c65e28f5cf9b64d88')
 3 APPPATH\Views\home.php(7): view_cell('App\\Cells\\ArtikelTerkini::render', [...])
 4 SYSTEMPATH\View\View.php(224): include('C:\\xampp\\htdocs\\lab11_ci\\ci4\\app\\Views\\home.php')
 5 SYSTEMPATH\View\View.php(227): CodeIgniter\View\View->CodeIgniter\View\{closure}()
 6 SYSTEMPATH\Common.php(1173): CodeIgniter\View\View->render('home', [], true)
 7 APPPATH\Controllers\Home.php(13): view('home', [...])
 8 SYSTEMPATH\CodeIgniter.php(933): App\Controllers\Home->index()
 9 SYSTEMPATH\CodeIgniter.php(507): CodeIgniter\CodeIgniter->runController(Object(App\Controllers\Home))
10 SYSTEMPATH\CodeIgniter.php(354): CodeIgniter\CodeIgniter->handleRequest(null, Object(Config\Cache), false)
11 SYSTEMPATH\Boot.php(334): CodeIgniter\CodeIgniter->run()
12 SYSTEMPATH\Boot.php(67): CodeIgniter\Boot::runCodeIgniter(Object(CodeIgniter\CodeIgniter))
13 FCPATH\index.php(56): CodeIgniter\Boot::bootWeb(Object(Config\Paths))
14 SYSTEMPATH\rewrite.php(44): require_once('C:\\xampp\\htdocs\\lab11_ci\\ci4\\public\\index.php')
CRITICAL - 2025-06-26 07:24:30 --> CodeIgniter\View\Exceptions\ViewException: App\Cells\ArtikelTerkini::render is not a valid method.
[Method: GET, Route: /]
in SYSTEMPATH\View\Cell.php on line 99.
 1 SYSTEMPATH\View\Cell.php(99): CodeIgniter\View\Exceptions\ViewException::forInvalidCellMethod('App\\Cells\\ArtikelTerkini', 'render')
 2 SYSTEMPATH\Common.php(1189): CodeIgniter\View\Cell->render('App\\Cells\\ArtikelTerkini::render', [...], 0, 'AppCellsArtikelTerkinirenderffb116c47d34b87c65e28f5cf9b64d88')
 3 APPPATH\Views\home.php(7): view_cell('App\\Cells\\ArtikelTerkini::render', [...])
 4 SYSTEMPATH\View\View.php(224): include('C:\\xampp\\htdocs\\lab11_ci\\ci4\\app\\Views\\home.php')
 5 SYSTEMPATH\View\View.php(227): CodeIgniter\View\View->CodeIgniter\View\{closure}()
 6 SYSTEMPATH\Common.php(1173): CodeIgniter\View\View->render('home', [], true)
 7 APPPATH\Controllers\Home.php(13): view('home', [...])
 8 SYSTEMPATH\CodeIgniter.php(933): App\Controllers\Home->index()
 9 SYSTEMPATH\CodeIgniter.php(507): CodeIgniter\CodeIgniter->runController(Object(App\Controllers\Home))
10 SYSTEMPATH\CodeIgniter.php(354): CodeIgniter\CodeIgniter->handleRequest(null, Object(Config\Cache), false)
11 SYSTEMPATH\Boot.php(334): CodeIgniter\CodeIgniter->run()
12 SYSTEMPATH\Boot.php(67): CodeIgniter\Boot::runCodeIgniter(Object(CodeIgniter\CodeIgniter))
13 FCPATH\index.php(56): CodeIgniter\Boot::bootWeb(Object(Config\Paths))
14 SYSTEMPATH\rewrite.php(44): require_once('C:\\xampp\\htdocs\\lab11_ci\\ci4\\public\\index.php')
CRITICAL - 2025-06-26 07:24:31 --> CodeIgniter\View\Exceptions\ViewException: App\Cells\ArtikelTerkini::render is not a valid method.
[Method: GET, Route: /]
in SYSTEMPATH\View\Cell.php on line 99.
 1 SYSTEMPATH\View\Cell.php(99): CodeIgniter\View\Exceptions\ViewException::forInvalidCellMethod('App\\Cells\\ArtikelTerkini', 'render')
 2 SYSTEMPATH\Common.php(1189): CodeIgniter\View\Cell->render('App\\Cells\\ArtikelTerkini::render', [...], 0, 'AppCellsArtikelTerkinirenderffb116c47d34b87c65e28f5cf9b64d88')
 3 APPPATH\Views\home.php(7): view_cell('App\\Cells\\ArtikelTerkini::render', [...])
 4 SYSTEMPATH\View\View.php(224): include('C:\\xampp\\htdocs\\lab11_ci\\ci4\\app\\Views\\home.php')
 5 SYSTEMPATH\View\View.php(227): CodeIgniter\View\View->CodeIgniter\View\{closure}()
 6 SYSTEMPATH\Common.php(1173): CodeIgniter\View\View->render('home', [], true)
 7 APPPATH\Controllers\Home.php(13): view('home', [...])
 8 SYSTEMPATH\CodeIgniter.php(933): App\Controllers\Home->index()
 9 SYSTEMPATH\CodeIgniter.php(507): CodeIgniter\CodeIgniter->runController(Object(App\Controllers\Home))
10 SYSTEMPATH\CodeIgniter.php(354): CodeIgniter\CodeIgniter->handleRequest(null, Object(Config\Cache), false)
11 SYSTEMPATH\Boot.php(334): CodeIgniter\CodeIgniter->run()
12 SYSTEMPATH\Boot.php(67): CodeIgniter\Boot::runCodeIgniter(Object(CodeIgniter\CodeIgniter))
13 FCPATH\index.php(56): CodeIgniter\Boot::bootWeb(Object(Config\Paths))
14 SYSTEMPATH\rewrite.php(44): require_once('C:\\xampp\\htdocs\\lab11_ci\\ci4\\public\\index.php')
CRITICAL - 2025-06-26 07:24:32 --> CodeIgniter\View\Exceptions\ViewException: App\Cells\ArtikelTerkini::render is not a valid method.
[Method: GET, Route: /]
in SYSTEMPATH\View\Cell.php on line 99.
 1 SYSTEMPATH\View\Cell.php(99): CodeIgniter\View\Exceptions\ViewException::forInvalidCellMethod('App\\Cells\\ArtikelTerkini', 'render')
 2 SYSTEMPATH\Common.php(1189): CodeIgniter\View\Cell->render('App\\Cells\\ArtikelTerkini::render', [...], 0, 'AppCellsArtikelTerkinirenderffb116c47d34b87c65e28f5cf9b64d88')
 3 APPPATH\Views\home.php(7): view_cell('App\\Cells\\ArtikelTerkini::render', [...])
 4 SYSTEMPATH\View\View.php(224): include('C:\\xampp\\htdocs\\lab11_ci\\ci4\\app\\Views\\home.php')
 5 SYSTEMPATH\View\View.php(227): CodeIgniter\View\View->CodeIgniter\View\{closure}()
 6 SYSTEMPATH\Common.php(1173): CodeIgniter\View\View->render('home', [], true)
 7 APPPATH\Controllers\Home.php(13): view('home', [...])
 8 SYSTEMPATH\CodeIgniter.php(933): App\Controllers\Home->index()
 9 SYSTEMPATH\CodeIgniter.php(507): CodeIgniter\CodeIgniter->runController(Object(App\Controllers\Home))
10 SYSTEMPATH\CodeIgniter.php(354): CodeIgniter\CodeIgniter->handleRequest(null, Object(Config\Cache), false)
11 SYSTEMPATH\Boot.php(334): CodeIgniter\CodeIgniter->run()
12 SYSTEMPATH\Boot.php(67): CodeIgniter\Boot::runCodeIgniter(Object(CodeIgniter\CodeIgniter))
13 FCPATH\index.php(56): CodeIgniter\Boot::bootWeb(Object(Config\Paths))
14 SYSTEMPATH\rewrite.php(44): require_once('C:\\xampp\\htdocs\\lab11_ci\\ci4\\public\\index.php')
CRITICAL - 2025-06-26 07:24:36 --> CodeIgniter\View\Exceptions\ViewException: App\Cells\ArtikelTerkini::render is not a valid method.
[Method: GET, Route: /]
in SYSTEMPATH\View\Cell.php on line 99.
 1 SYSTEMPATH\View\Cell.php(99): CodeIgniter\View\Exceptions\ViewException::forInvalidCellMethod('App\\Cells\\ArtikelTerkini', 'render')
 2 SYSTEMPATH\Common.php(1189): CodeIgniter\View\Cell->render('App\\Cells\\ArtikelTerkini::render', [...], 0, 'AppCellsArtikelTerkinirenderffb116c47d34b87c65e28f5cf9b64d88')
 3 APPPATH\Views\home.php(7): view_cell('App\\Cells\\ArtikelTerkini::render', [...])
 4 SYSTEMPATH\View\View.php(224): include('C:\\xampp\\htdocs\\lab11_ci\\ci4\\app\\Views\\home.php')
 5 SYSTEMPATH\View\View.php(227): CodeIgniter\View\View->CodeIgniter\View\{closure}()
 6 SYSTEMPATH\Common.php(1173): CodeIgniter\View\View->render('home', [], true)
 7 APPPATH\Controllers\Home.php(13): view('home', [...])
 8 SYSTEMPATH\CodeIgniter.php(933): App\Controllers\Home->index()
 9 SYSTEMPATH\CodeIgniter.php(507): CodeIgniter\CodeIgniter->runController(Object(App\Controllers\Home))
10 SYSTEMPATH\CodeIgniter.php(354): CodeIgniter\CodeIgniter->handleRequest(null, Object(Config\Cache), false)
11 SYSTEMPATH\Boot.php(334): CodeIgniter\CodeIgniter->run()
12 SYSTEMPATH\Boot.php(67): CodeIgniter\Boot::runCodeIgniter(Object(CodeIgniter\CodeIgniter))
13 FCPATH\index.php(56): CodeIgniter\Boot::bootWeb(Object(Config\Paths))
14 SYSTEMPATH\rewrite.php(44): require_once('C:\\xampp\\htdocs\\lab11_ci\\ci4\\public\\index.php')
CRITICAL - 2025-06-26 07:24:39 --> CodeIgniter\View\Exceptions\ViewException: App\Cells\ArtikelTerkini::render is not a valid method.
[Method: GET, Route: /]
in SYSTEMPATH\View\Cell.php on line 99.
 1 SYSTEMPATH\View\Cell.php(99): CodeIgniter\View\Exceptions\ViewException::forInvalidCellMethod('App\\Cells\\ArtikelTerkini', 'render')
 2 SYSTEMPATH\Common.php(1189): CodeIgniter\View\Cell->render('App\\Cells\\ArtikelTerkini::render', [...], 0, 'AppCellsArtikelTerkinirenderffb116c47d34b87c65e28f5cf9b64d88')
 3 APPPATH\Views\home.php(7): view_cell('App\\Cells\\ArtikelTerkini::render', [...])
 4 SYSTEMPATH\View\View.php(224): include('C:\\xampp\\htdocs\\lab11_ci\\ci4\\app\\Views\\home.php')
 5 SYSTEMPATH\View\View.php(227): CodeIgniter\View\View->CodeIgniter\View\{closure}()
 6 SYSTEMPATH\Common.php(1173): CodeIgniter\View\View->render('home', [], true)
 7 APPPATH\Controllers\Home.php(13): view('home', [...])
 8 SYSTEMPATH\CodeIgniter.php(933): App\Controllers\Home->index()
 9 SYSTEMPATH\CodeIgniter.php(507): CodeIgniter\CodeIgniter->runController(Object(App\Controllers\Home))
10 SYSTEMPATH\CodeIgniter.php(354): CodeIgniter\CodeIgniter->handleRequest(null, Object(Config\Cache), false)
11 SYSTEMPATH\Boot.php(334): CodeIgniter\CodeIgniter->run()
12 SYSTEMPATH\Boot.php(67): CodeIgniter\Boot::runCodeIgniter(Object(CodeIgniter\CodeIgniter))
13 FCPATH\index.php(56): CodeIgniter\Boot::bootWeb(Object(Config\Paths))
14 SYSTEMPATH\rewrite.php(44): require_once('C:\\xampp\\htdocs\\lab11_ci\\ci4\\public\\index.php')
CRITICAL - 2025-06-26 07:24:43 --> CodeIgniter\HTTP\Exceptions\BadRequestException: The URI you submitted has disallowed characters: "{{ asset('style.css') }}"
[Method: GET, Route: %7B%7B%20asset%28%27style.css%27%29%20%7D%7D]
in SYSTEMPATH\Router\Router.php on line 739.
 1 SYSTEMPATH\Router\Router.php(207): CodeIgniter\Router\Router->checkDisallowedChars('{{ asset(\'style.css\') }}')
 2 SYSTEMPATH\CodeIgniter.php(832): CodeIgniter\Router\Router->handle('{{ asset(\'style.css\') }}')
 3 SYSTEMPATH\CodeIgniter.php(455): CodeIgniter\CodeIgniter->tryToRouteIt(Object(CodeIgniter\Router\RouteCollection))
 4 SYSTEMPATH\CodeIgniter.php(354): CodeIgniter\CodeIgniter->handleRequest(null, Object(Config\Cache), false)
 5 SYSTEMPATH\Boot.php(334): CodeIgniter\CodeIgniter->run()
 6 SYSTEMPATH\Boot.php(67): CodeIgniter\Boot::runCodeIgniter(Object(CodeIgniter\CodeIgniter))
 7 FCPATH\index.php(56): CodeIgniter\Boot::bootWeb(Object(Config\Paths))
 8 SYSTEMPATH\rewrite.php(44): require_once('C:\\xampp\\htdocs\\lab11_ci\\ci4\\public\\index.php')
CRITICAL - 2025-06-26 07:24:51 --> CodeIgniter\HTTP\Exceptions\BadRequestException: The URI you submitted has disallowed characters: "{{ asset('style.css') }}"
[Method: GET, Route: %7B%7B%20asset%28%27style.css%27%29%20%7D%7D]
in SYSTEMPATH\Router\Router.php on line 739.
 1 SYSTEMPATH\Router\Router.php(207): CodeIgniter\Router\Router->checkDisallowedChars('{{ asset(\'style.css\') }}')
 2 SYSTEMPATH\CodeIgniter.php(832): CodeIgniter\Router\Router->handle('{{ asset(\'style.css\') }}')
 3 SYSTEMPATH\CodeIgniter.php(455): CodeIgniter\CodeIgniter->tryToRouteIt(Object(CodeIgniter\Router\RouteCollection))
 4 SYSTEMPATH\CodeIgniter.php(354): CodeIgniter\CodeIgniter->handleRequest(null, Object(Config\Cache), false)
 5 SYSTEMPATH\Boot.php(334): CodeIgniter\CodeIgniter->run()
 6 SYSTEMPATH\Boot.php(67): CodeIgniter\Boot::runCodeIgniter(Object(CodeIgniter\CodeIgniter))
 7 FCPATH\index.php(56): CodeIgniter\Boot::bootWeb(Object(Config\Paths))
 8 SYSTEMPATH\rewrite.php(44): require_once('C:\\xampp\\htdocs\\lab11_ci\\ci4\\public\\index.php')
CRITICAL - 2025-06-26 07:24:53 --> CodeIgniter\HTTP\Exceptions\BadRequestException: The URI you submitted has disallowed characters: "{{ asset('style.css') }}"
[Method: GET, Route: %7B%7B%20asset%28%27style.css%27%29%20%7D%7D]
in SYSTEMPATH\Router\Router.php on line 739.
 1 SYSTEMPATH\Router\Router.php(207): CodeIgniter\Router\Router->checkDisallowedChars('{{ asset(\'style.css\') }}')
 2 SYSTEMPATH\CodeIgniter.php(832): CodeIgniter\Router\Router->handle('{{ asset(\'style.css\') }}')
 3 SYSTEMPATH\CodeIgniter.php(455): CodeIgniter\CodeIgniter->tryToRouteIt(Object(CodeIgniter\Router\RouteCollection))
 4 SYSTEMPATH\CodeIgniter.php(354): CodeIgniter\CodeIgniter->handleRequest(null, Object(Config\Cache), false)
 5 SYSTEMPATH\Boot.php(334): CodeIgniter\CodeIgniter->run()
 6 SYSTEMPATH\Boot.php(67): CodeIgniter\Boot::runCodeIgniter(Object(CodeIgniter\CodeIgniter))
 7 FCPATH\index.php(56): CodeIgniter\Boot::bootWeb(Object(Config\Paths))
 8 SYSTEMPATH\rewrite.php(44): require_once('C:\\xampp\\htdocs\\lab11_ci\\ci4\\public\\index.php')
DEBUG - 2025-06-26 07:25:03 --> Session: Class initialized using 'CodeIgniter\Session\Handlers\FileHandler' driver.
DEBUG - 2025-06-26 07:25:20 --> Session: Class initialized using 'CodeIgniter\Session\Handlers\FileHandler' driver.
DEBUG - 2025-06-26 07:25:21 --> Session: Class initialized using 'CodeIgniter\Session\Handlers\FileHandler' driver.
DEBUG - 2025-06-26 07:25:22 --> Session: Class initialized using 'CodeIgniter\Session\Handlers\FileHandler' driver.
CRITICAL - 2025-06-26 07:25:26 --> CodeIgniter\View\Exceptions\ViewException: App\Cells\ArtikelTerkini::render is not a valid method.
[Method: GET, Route: /]
in SYSTEMPATH\View\Cell.php on line 99.
 1 SYSTEMPATH\View\Cell.php(99): CodeIgniter\View\Exceptions\ViewException::forInvalidCellMethod('App\\Cells\\ArtikelTerkini', 'render')
 2 SYSTEMPATH\Common.php(1189): CodeIgniter\View\Cell->render('App\\Cells\\ArtikelTerkini::render', [...], 0, 'AppCellsArtikelTerkinirenderffb116c47d34b87c65e28f5cf9b64d88')
 3 APPPATH\Views\home.php(7): view_cell('App\\Cells\\ArtikelTerkini::render', [...])
 4 SYSTEMPATH\View\View.php(224): include('C:\\xampp\\htdocs\\lab11_ci\\ci4\\app\\Views\\home.php')
 5 SYSTEMPATH\View\View.php(227): CodeIgniter\View\View->CodeIgniter\View\{closure}()
 6 SYSTEMPATH\Common.php(1173): CodeIgniter\View\View->render('home', [], true)
 7 APPPATH\Controllers\Home.php(13): view('home', [...])
 8 SYSTEMPATH\CodeIgniter.php(933): App\Controllers\Home->index()
 9 SYSTEMPATH\CodeIgniter.php(507): CodeIgniter\CodeIgniter->runController(Object(App\Controllers\Home))
10 SYSTEMPATH\CodeIgniter.php(354): CodeIgniter\CodeIgniter->handleRequest(null, Object(Config\Cache), false)
11 SYSTEMPATH\Boot.php(334): CodeIgniter\CodeIgniter->run()
12 SYSTEMPATH\Boot.php(67): CodeIgniter\Boot::runCodeIgniter(Object(CodeIgniter\CodeIgniter))
13 FCPATH\index.php(56): CodeIgniter\Boot::bootWeb(Object(Config\Paths))
14 SYSTEMPATH\rewrite.php(44): require_once('C:\\xampp\\htdocs\\lab11_ci\\ci4\\public\\index.php')
DEBUG - 2025-06-26 07:25:30 --> Session: Class initialized using 'CodeIgniter\Session\Handlers\FileHandler' driver.
DEBUG - 2025-06-26 07:25:31 --> Session: Class initialized using 'CodeIgniter\Session\Handlers\FileHandler' driver.
DEBUG - 2025-06-26 07:25:47 --> Session: Class initialized using 'CodeIgniter\Session\Handlers\FileHandler' driver.
DEBUG - 2025-06-26 07:25:48 --> Session: Class initialized using 'CodeIgniter\Session\Handlers\FileHandler' driver.
DEBUG - 2025-06-26 07:25:54 --> Session: Class initialized using 'CodeIgniter\Session\Handlers\FileHandler' driver.
DEBUG - 2025-06-26 07:27:59 --> Session: Class initialized using 'CodeIgniter\Session\Handlers\FileHandler' driver.
DEBUG - 2025-06-26 07:29:21 --> Session: Class initialized using 'CodeIgniter\Session\Handlers\FileHandler' driver.
DEBUG - 2025-06-26 07:29:21 --> Session: Class initialized using 'CodeIgniter\Session\Handlers\FileHandler' driver.
DEBUG - 2025-06-26 07:29:22 --> Session: Class initialized using 'CodeIgniter\Session\Handlers\FileHandler' driver.
DEBUG - 2025-06-26 07:29:35 --> Session: Class initialized using 'CodeIgniter\Session\Handlers\FileHandler' driver.
DEBUG - 2025-06-26 07:29:36 --> Session: Class initialized using 'CodeIgniter\Session\Handlers\FileHandler' driver.
CRITICAL - 2025-06-26 07:30:08 --> CodeIgniter\View\Exceptions\ViewException: App\Cells\ArtikelTerkini::render is not a valid method.
[Method: GET, Route: /]
in SYSTEMPATH\View\Cell.php on line 99.
 1 SYSTEMPATH\View\Cell.php(99): CodeIgniter\View\Exceptions\ViewException::forInvalidCellMethod('App\\Cells\\ArtikelTerkini', 'render')
 2 SYSTEMPATH\Common.php(1189): CodeIgniter\View\Cell->render('App\\Cells\\ArtikelTerkini::render', [...], 0, 'AppCellsArtikelTerkinirenderffb116c47d34b87c65e28f5cf9b64d88')
 3 APPPATH\Views\home.php(7): view_cell('App\\Cells\\ArtikelTerkini::render', [...])
 4 SYSTEMPATH\View\View.php(224): include('C:\\xampp\\htdocs\\lab11_ci\\ci4\\app\\Views\\home.php')
 5 SYSTEMPATH\View\View.php(227): CodeIgniter\View\View->CodeIgniter\View\{closure}()
 6 SYSTEMPATH\Common.php(1173): CodeIgniter\View\View->render('home', [], true)
 7 APPPATH\Controllers\Home.php(13): view('home', [...])
 8 SYSTEMPATH\CodeIgniter.php(933): App\Controllers\Home->index()
 9 SYSTEMPATH\CodeIgniter.php(507): CodeIgniter\CodeIgniter->runController(Object(App\Controllers\Home))
10 SYSTEMPATH\CodeIgniter.php(354): CodeIgniter\CodeIgniter->handleRequest(null, Object(Config\Cache), false)
11 SYSTEMPATH\Boot.php(334): CodeIgniter\CodeIgniter->run()
12 SYSTEMPATH\Boot.php(67): CodeIgniter\Boot::runCodeIgniter(Object(CodeIgniter\CodeIgniter))
13 FCPATH\index.php(56): CodeIgniter\Boot::bootWeb(Object(Config\Paths))
14 SYSTEMPATH\rewrite.php(44): require_once('C:\\xampp\\htdocs\\lab11_ci\\ci4\\public\\index.php')
DEBUG - 2025-06-26 07:30:11 --> Session: Class initialized using 'CodeIgniter\Session\Handlers\FileHandler' driver.
DEBUG - 2025-06-26 07:30:11 --> Session: Class initialized using 'CodeIgniter\Session\Handlers\FileHandler' driver.
DEBUG - 2025-06-26 07:30:35 --> Session: Class initialized using 'CodeIgniter\Session\Handlers\FileHandler' driver.
DEBUG - 2025-06-26 07:30:35 --> Session: Class initialized using 'CodeIgniter\Session\Handlers\FileHandler' driver.
DEBUG - 2025-06-26 07:31:04 --> Session: Class initialized using 'CodeIgniter\Session\Handlers\FileHandler' driver.
DEBUG - 2025-06-26 07:31:07 --> Session: Class initialized using 'CodeIgniter\Session\Handlers\FileHandler' driver.
DEBUG - 2025-06-26 07:31:10 --> Session: Class initialized using 'CodeIgniter\Session\Handlers\FileHandler' driver.
DEBUG - 2025-06-26 07:31:14 --> Session: Class initialized using 'CodeIgniter\Session\Handlers\FileHandler' driver.
DEBUG - 2025-06-26 07:33:55 --> Session: Class initialized using 'CodeIgniter\Session\Handlers\FileHandler' driver.
DEBUG - 2025-06-26 07:33:55 --> Session: Class initialized using 'CodeIgniter\Session\Handlers\FileHandler' driver.
CRITICAL - 2025-06-26 07:43:01 --> CodeIgniter\View\Exceptions\ViewException: App\Cells\ArtikelTerkini::render is not a valid method.
[Method: GET, Route: /]
in SYSTEMPATH\View\Cell.php on line 99.
 1 SYSTEMPATH\View\Cell.php(99): CodeIgniter\View\Exceptions\ViewException::forInvalidCellMethod('App\\Cells\\ArtikelTerkini', 'render')
 2 SYSTEMPATH\Common.php(1189): CodeIgniter\View\Cell->render('App\\Cells\\ArtikelTerkini::render', [...], 0, 'AppCellsArtikelTerkinirenderffb116c47d34b87c65e28f5cf9b64d88')
 3 APPPATH\Views\home.php(7): view_cell('App\\Cells\\ArtikelTerkini::render', [...])
 4 SYSTEMPATH\View\View.php(224): include('C:\\xampp\\htdocs\\lab11_ci\\ci4\\app\\Views\\home.php')
 5 SYSTEMPATH\View\View.php(227): CodeIgniter\View\View->CodeIgniter\View\{closure}()
 6 SYSTEMPATH\Common.php(1173): CodeIgniter\View\View->render('home', [], true)
 7 APPPATH\Controllers\Home.php(13): view('home', [...])
 8 SYSTEMPATH\CodeIgniter.php(933): App\Controllers\Home->index()
 9 SYSTEMPATH\CodeIgniter.php(507): CodeIgniter\CodeIgniter->runController(Object(App\Controllers\Home))
10 SYSTEMPATH\CodeIgniter.php(354): CodeIgniter\CodeIgniter->handleRequest(null, Object(Config\Cache), false)
11 SYSTEMPATH\Boot.php(334): CodeIgniter\CodeIgniter->run()
12 SYSTEMPATH\Boot.php(67): CodeIgniter\Boot::runCodeIgniter(Object(CodeIgniter\CodeIgniter))
13 FCPATH\index.php(56): CodeIgniter\Boot::bootWeb(Object(Config\Paths))
14 SYSTEMPATH\rewrite.php(44): require_once('C:\\xampp\\htdocs\\lab11_ci\\ci4\\public\\index.php')
DEBUG - 2025-06-26 07:43:12 --> Session: Class initialized using 'CodeIgniter\Session\Handlers\FileHandler' driver.
DEBUG - 2025-06-26 07:43:36 --> Session: Class initialized using 'CodeIgniter\Session\Handlers\FileHandler' driver.
DEBUG - 2025-06-26 07:43:36 --> Session: Class initialized using 'CodeIgniter\Session\Handlers\FileHandler' driver.
DEBUG - 2025-06-26 07:43:37 --> Session: Class initialized using 'CodeIgniter\Session\Handlers\FileHandler' driver.
DEBUG - 2025-06-26 07:43:46 --> Session: Class initialized using 'CodeIgniter\Session\Handlers\FileHandler' driver.
DEBUG - 2025-06-26 07:45:48 --> Session: Class initialized using 'CodeIgniter\Session\Handlers\FileHandler' driver.
DEBUG - 2025-06-26 07:45:49 --> Session: Class initialized using 'CodeIgniter\Session\Handlers\FileHandler' driver.
DEBUG - 2025-06-26 07:45:49 --> Session: Class initialized using 'CodeIgniter\Session\Handlers\FileHandler' driver.
DEBUG - 2025-06-26 07:45:58 --> Session: Class initialized using 'CodeIgniter\Session\Handlers\FileHandler' driver.
DEBUG - 2025-06-26 07:45:58 --> Session: Class initialized using 'CodeIgniter\Session\Handlers\FileHandler' driver.
CRITICAL - 2025-06-26 07:46:11 --> CodeIgniter\HTTP\Exceptions\BadRequestException: The URI you submitted has disallowed characters: "{{ asset('style.css') }}"
[Method: GET, Route: %7B%7B%20asset%28%27style.css%27%29%20%7D%7D]
in SYSTEMPATH\Router\Router.php on line 739.
 1 SYSTEMPATH\Router\Router.php(207): CodeIgniter\Router\Router->checkDisallowedChars('{{ asset(\'style.css\') }}')
 2 SYSTEMPATH\CodeIgniter.php(832): CodeIgniter\Router\Router->handle('{{ asset(\'style.css\') }}')
 3 SYSTEMPATH\CodeIgniter.php(455): CodeIgniter\CodeIgniter->tryToRouteIt(Object(CodeIgniter\Router\RouteCollection))
 4 SYSTEMPATH\CodeIgniter.php(354): CodeIgniter\CodeIgniter->handleRequest(null, Object(Config\Cache), false)
 5 SYSTEMPATH\Boot.php(334): CodeIgniter\CodeIgniter->run()
 6 SYSTEMPATH\Boot.php(67): CodeIgniter\Boot::runCodeIgniter(Object(CodeIgniter\CodeIgniter))
 7 FCPATH\index.php(56): CodeIgniter\Boot::bootWeb(Object(Config\Paths))
 8 SYSTEMPATH\rewrite.php(44): require_once('C:\\xampp\\htdocs\\lab11_ci\\ci4\\public\\index.php')
CRITICAL - 2025-06-26 07:46:14 --> CodeIgniter\HTTP\Exceptions\BadRequestException: The URI you submitted has disallowed characters: "{{ asset('style.css') }}"
[Method: GET, Route: %7B%7B%20asset%28%27style.css%27%29%20%7D%7D]
in SYSTEMPATH\Router\Router.php on line 739.
 1 SYSTEMPATH\Router\Router.php(207): CodeIgniter\Router\Router->checkDisallowedChars('{{ asset(\'style.css\') }}')
 2 SYSTEMPATH\CodeIgniter.php(832): CodeIgniter\Router\Router->handle('{{ asset(\'style.css\') }}')
 3 SYSTEMPATH\CodeIgniter.php(455): CodeIgniter\CodeIgniter->tryToRouteIt(Object(CodeIgniter\Router\RouteCollection))
 4 SYSTEMPATH\CodeIgniter.php(354): CodeIgniter\CodeIgniter->handleRequest(null, Object(Config\Cache), false)
 5 SYSTEMPATH\Boot.php(334): CodeIgniter\CodeIgniter->run()
 6 SYSTEMPATH\Boot.php(67): CodeIgniter\Boot::runCodeIgniter(Object(CodeIgniter\CodeIgniter))
 7 FCPATH\index.php(56): CodeIgniter\Boot::bootWeb(Object(Config\Paths))
 8 SYSTEMPATH\rewrite.php(44): require_once('C:\\xampp\\htdocs\\lab11_ci\\ci4\\public\\index.php')
CRITICAL - 2025-06-26 07:46:16 --> CodeIgniter\View\Exceptions\ViewException: App\Cells\ArtikelTerkini::render is not a valid method.
[Method: GET, Route: /]
in SYSTEMPATH\View\Cell.php on line 99.
 1 SYSTEMPATH\View\Cell.php(99): CodeIgniter\View\Exceptions\ViewException::forInvalidCellMethod('App\\Cells\\ArtikelTerkini', 'render')
 2 SYSTEMPATH\Common.php(1189): CodeIgniter\View\Cell->render('App\\Cells\\ArtikelTerkini::render', [...], 0, 'AppCellsArtikelTerkinirenderffb116c47d34b87c65e28f5cf9b64d88')
 3 APPPATH\Views\home.php(7): view_cell('App\\Cells\\ArtikelTerkini::render', [...])
 4 SYSTEMPATH\View\View.php(224): include('C:\\xampp\\htdocs\\lab11_ci\\ci4\\app\\Views\\home.php')
 5 SYSTEMPATH\View\View.php(227): CodeIgniter\View\View->CodeIgniter\View\{closure}()
 6 SYSTEMPATH\Common.php(1173): CodeIgniter\View\View->render('home', [], true)
 7 APPPATH\Controllers\Home.php(13): view('home', [...])
 8 SYSTEMPATH\CodeIgniter.php(933): App\Controllers\Home->index()
 9 SYSTEMPATH\CodeIgniter.php(507): CodeIgniter\CodeIgniter->runController(Object(App\Controllers\Home))
10 SYSTEMPATH\CodeIgniter.php(354): CodeIgniter\CodeIgniter->handleRequest(null, Object(Config\Cache), false)
11 SYSTEMPATH\Boot.php(334): CodeIgniter\CodeIgniter->run()
12 SYSTEMPATH\Boot.php(67): CodeIgniter\Boot::runCodeIgniter(Object(CodeIgniter\CodeIgniter))
13 FCPATH\index.php(56): CodeIgniter\Boot::bootWeb(Object(Config\Paths))
14 SYSTEMPATH\rewrite.php(44): require_once('C:\\xampp\\htdocs\\lab11_ci\\ci4\\public\\index.php')
CRITICAL - 2025-06-26 07:46:18 --> CodeIgniter\HTTP\Exceptions\BadRequestException: The URI you submitted has disallowed characters: "{{ asset('style.css') }}"
[Method: GET, Route: %7B%7B%20asset%28%27style.css%27%29%20%7D%7D]
in SYSTEMPATH\Router\Router.php on line 739.
 1 SYSTEMPATH\Router\Router.php(207): CodeIgniter\Router\Router->checkDisallowedChars('{{ asset(\'style.css\') }}')
 2 SYSTEMPATH\CodeIgniter.php(832): CodeIgniter\Router\Router->handle('{{ asset(\'style.css\') }}')
 3 SYSTEMPATH\CodeIgniter.php(455): CodeIgniter\CodeIgniter->tryToRouteIt(Object(CodeIgniter\Router\RouteCollection))
 4 SYSTEMPATH\CodeIgniter.php(354): CodeIgniter\CodeIgniter->handleRequest(null, Object(Config\Cache), false)
 5 SYSTEMPATH\Boot.php(334): CodeIgniter\CodeIgniter->run()
 6 SYSTEMPATH\Boot.php(67): CodeIgniter\Boot::runCodeIgniter(Object(CodeIgniter\CodeIgniter))
 7 FCPATH\index.php(56): CodeIgniter\Boot::bootWeb(Object(Config\Paths))
 8 SYSTEMPATH\rewrite.php(44): require_once('C:\\xampp\\htdocs\\lab11_ci\\ci4\\public\\index.php')
CRITICAL - 2025-06-26 07:46:20 --> CodeIgniter\HTTP\Exceptions\BadRequestException: The URI you submitted has disallowed characters: "{{ asset('style.css') }}"
[Method: GET, Route: %7B%7B%20asset%28%27style.css%27%29%20%7D%7D]
in SYSTEMPATH\Router\Router.php on line 739.
 1 SYSTEMPATH\Router\Router.php(207): CodeIgniter\Router\Router->checkDisallowedChars('{{ asset(\'style.css\') }}')
 2 SYSTEMPATH\CodeIgniter.php(832): CodeIgniter\Router\Router->handle('{{ asset(\'style.css\') }}')
 3 SYSTEMPATH\CodeIgniter.php(455): CodeIgniter\CodeIgniter->tryToRouteIt(Object(CodeIgniter\Router\RouteCollection))
 4 SYSTEMPATH\CodeIgniter.php(354): CodeIgniter\CodeIgniter->handleRequest(null, Object(Config\Cache), false)
 5 SYSTEMPATH\Boot.php(334): CodeIgniter\CodeIgniter->run()
 6 SYSTEMPATH\Boot.php(67): CodeIgniter\Boot::runCodeIgniter(Object(CodeIgniter\CodeIgniter))
 7 FCPATH\index.php(56): CodeIgniter\Boot::bootWeb(Object(Config\Paths))
 8 SYSTEMPATH\rewrite.php(44): require_once('C:\\xampp\\htdocs\\lab11_ci\\ci4\\public\\index.php')
DEBUG - 2025-06-26 07:46:35 --> Session: Class initialized using 'CodeIgniter\Session\Handlers\FileHandler' driver.
DEBUG - 2025-06-26 07:46:50 --> Session: Class initialized using 'CodeIgniter\Session\Handlers\FileHandler' driver.
DEBUG - 2025-06-26 07:46:51 --> Session: Class initialized using 'CodeIgniter\Session\Handlers\FileHandler' driver.
DEBUG - 2025-06-26 07:46:51 --> Session: Class initialized using 'CodeIgniter\Session\Handlers\FileHandler' driver.
DEBUG - 2025-06-26 07:47:01 --> Session: Class initialized using 'CodeIgniter\Session\Handlers\FileHandler' driver.
DEBUG - 2025-06-26 07:47:02 --> Session: Class initialized using 'CodeIgniter\Session\Handlers\FileHandler' driver.
DEBUG - 2025-06-26 07:47:02 --> Session: Class initialized using 'CodeIgniter\Session\Handlers\FileHandler' driver.
DEBUG - 2025-06-26 07:47:06 --> Session: Class initialized using 'CodeIgniter\Session\Handlers\FileHandler' driver.
DEBUG - 2025-06-26 07:47:06 --> Session: Class initialized using 'CodeIgniter\Session\Handlers\FileHandler' driver.
DEBUG - 2025-06-26 07:47:07 --> Session: Class initialized using 'CodeIgniter\Session\Handlers\FileHandler' driver.
DEBUG - 2025-06-26 07:47:11 --> Session: Class initialized using 'CodeIgniter\Session\Handlers\FileHandler' driver.
DEBUG - 2025-06-26 07:49:36 --> Session: Class initialized using 'CodeIgniter\Session\Handlers\FileHandler' driver.
DEBUG - 2025-06-26 08:17:34 --> Session: Class initialized using 'CodeIgniter\Session\Handlers\FileHandler' driver.
DEBUG - 2025-06-26 08:17:41 --> Session: Class initialized using 'CodeIgniter\Session\Handlers\FileHandler' driver.
DEBUG - 2025-06-26 08:25:14 --> Session: Class initialized using 'CodeIgniter\Session\Handlers\FileHandler' driver.
DEBUG - 2025-06-26 08:25:19 --> Session: Class initialized using 'CodeIgniter\Session\Handlers\FileHandler' driver.
DEBUG - 2025-06-26 08:25:21 --> Session: Class initialized using 'CodeIgniter\Session\Handlers\FileHandler' driver.
DEBUG - 2025-06-26 08:25:23 --> Session: Class initialized using 'CodeIgniter\Session\Handlers\FileHandler' driver.
DEBUG - 2025-06-26 08:25:26 --> Session: Class initialized using 'CodeIgniter\Session\Handlers\FileHandler' driver.
DEBUG - 2025-06-26 08:25:31 --> Session: Class initialized using 'CodeIgniter\Session\Handlers\FileHandler' driver.
DEBUG - 2025-06-26 08:25:42 --> Session: Class initialized using 'CodeIgniter\Session\Handlers\FileHandler' driver.
DEBUG - 2025-06-26 08:29:28 --> Session: Class initialized using 'CodeIgniter\Session\Handlers\FileHandler' driver.
DEBUG - 2025-06-26 08:29:28 --> Session: Class initialized using 'CodeIgniter\Session\Handlers\FileHandler' driver.
DEBUG - 2025-06-26 08:29:29 --> Session: Class initialized using 'CodeIgniter\Session\Handlers\FileHandler' driver.
DEBUG - 2025-06-26 08:29:32 --> Session: Class initialized using 'CodeIgniter\Session\Handlers\FileHandler' driver.
DEBUG - 2025-06-26 08:29:32 --> Session: Class initialized using 'CodeIgniter\Session\Handlers\FileHandler' driver.
DEBUG - 2025-06-26 08:29:33 --> Session: Class initialized using 'CodeIgniter\Session\Handlers\FileHandler' driver.
CRITICAL - 2025-06-26 09:06:24 --> CodeIgniter\View\Exceptions\ViewException: App\Cells\ArtikelTerkini::render is not a valid method.
[Method: GET, Route: /]
in SYSTEMPATH\View\Cell.php on line 99.
 1 SYSTEMPATH\View\Cell.php(99): CodeIgniter\View\Exceptions\ViewException::forInvalidCellMethod('App\\Cells\\ArtikelTerkini', 'render')
 2 SYSTEMPATH\Common.php(1189): CodeIgniter\View\Cell->render('App\\Cells\\ArtikelTerkini::render', [...], 0, 'AppCellsArtikelTerkinirenderffb116c47d34b87c65e28f5cf9b64d88')
 3 APPPATH\Views\home.php(7): view_cell('App\\Cells\\ArtikelTerkini::render', [...])
 4 SYSTEMPATH\View\View.php(224): include('C:\\xampp\\htdocs\\lab11_ci\\ci4\\app\\Views\\home.php')
 5 SYSTEMPATH\View\View.php(227): CodeIgniter\View\View->CodeIgniter\View\{closure}()
 6 SYSTEMPATH\Common.php(1173): CodeIgniter\View\View->render('home', [], true)
 7 APPPATH\Controllers\Home.php(13): view('home', [...])
 8 SYSTEMPATH\CodeIgniter.php(933): App\Controllers\Home->index()
 9 SYSTEMPATH\CodeIgniter.php(507): CodeIgniter\CodeIgniter->runController(Object(App\Controllers\Home))
10 SYSTEMPATH\CodeIgniter.php(354): CodeIgniter\CodeIgniter->handleRequest(null, Object(Config\Cache), false)
11 SYSTEMPATH\Boot.php(334): CodeIgniter\CodeIgniter->run()
12 SYSTEMPATH\Boot.php(67): CodeIgniter\Boot::runCodeIgniter(Object(CodeIgniter\CodeIgniter))
13 FCPATH\index.php(56): CodeIgniter\Boot::bootWeb(Object(Config\Paths))
14 SYSTEMPATH\rewrite.php(44): require_once('C:\\xampp\\htdocs\\lab11_ci\\ci4\\public\\index.php')
DEBUG - 2025-06-26 09:06:33 --> Session: Class initialized using 'CodeIgniter\Session\Handlers\FileHandler' driver.
DEBUG - 2025-06-26 09:06:47 --> Session: Class initialized using 'CodeIgniter\Session\Handlers\FileHandler' driver.
DEBUG - 2025-06-26 09:06:47 --> Session: Class initialized using 'CodeIgniter\Session\Handlers\FileHandler' driver.
DEBUG - 2025-06-26 09:06:48 --> Session: Class initialized using 'CodeIgniter\Session\Handlers\FileHandler' driver.
CRITICAL - 2025-06-26 09:09:33 --> CodeIgniter\View\Exceptions\ViewException: App\Cells\ArtikelTerkini::render is not a valid method.
[Method: GET, Route: /]
in SYSTEMPATH\View\Cell.php on line 99.
 1 SYSTEMPATH\View\Cell.php(99): CodeIgniter\View\Exceptions\ViewException::forInvalidCellMethod('App\\Cells\\ArtikelTerkini', 'render')
 2 SYSTEMPATH\Common.php(1189): CodeIgniter\View\Cell->render('App\\Cells\\ArtikelTerkini::render', [...], 0, 'AppCellsArtikelTerkinirenderffb116c47d34b87c65e28f5cf9b64d88')
 3 APPPATH\Views\home.php(7): view_cell('App\\Cells\\ArtikelTerkini::render', [...])
 4 SYSTEMPATH\View\View.php(224): include('C:\\xampp\\htdocs\\lab11_ci\\ci4\\app\\Views\\home.php')
 5 SYSTEMPATH\View\View.php(227): CodeIgniter\View\View->CodeIgniter\View\{closure}()
 6 SYSTEMPATH\Common.php(1173): CodeIgniter\View\View->render('home', [], true)
 7 APPPATH\Controllers\Home.php(13): view('home', [...])
 8 SYSTEMPATH\CodeIgniter.php(933): App\Controllers\Home->index()
 9 SYSTEMPATH\CodeIgniter.php(507): CodeIgniter\CodeIgniter->runController(Object(App\Controllers\Home))
10 SYSTEMPATH\CodeIgniter.php(354): CodeIgniter\CodeIgniter->handleRequest(null, Object(Config\Cache), false)
11 SYSTEMPATH\Boot.php(334): CodeIgniter\CodeIgniter->run()
12 SYSTEMPATH\Boot.php(67): CodeIgniter\Boot::runCodeIgniter(Object(CodeIgniter\CodeIgniter))
13 FCPATH\index.php(56): CodeIgniter\Boot::bootWeb(Object(Config\Paths))
14 SYSTEMPATH\rewrite.php(44): require_once('C:\\xampp\\htdocs\\lab11_ci\\ci4\\public\\index.php')
DEBUG - 2025-06-26 09:09:37 --> Session: Class initialized using 'CodeIgniter\Session\Handlers\FileHandler' driver.
DEBUG - 2025-06-26 09:09:48 --> Session: Class initialized using 'CodeIgniter\Session\Handlers\FileHandler' driver.
DEBUG - 2025-06-26 09:09:48 --> Session: Class initialized using 'CodeIgniter\Session\Handlers\FileHandler' driver.
DEBUG - 2025-06-26 09:09:49 --> Session: Class initialized using 'CodeIgniter\Session\Handlers\FileHandler' driver.
DEBUG - 2025-06-26 09:09:52 --> Session: Class initialized using 'CodeIgniter\Session\Handlers\FileHandler' driver.
DEBUG - 2025-06-26 09:10:16 --> Session: Class initialized using 'CodeIgniter\Session\Handlers\FileHandler' driver.
DEBUG - 2025-06-26 09:10:17 --> Session: Class initialized using 'CodeIgniter\Session\Handlers\FileHandler' driver.
DEBUG - 2025-06-26 09:10:17 --> Session: Class initialized using 'CodeIgniter\Session\Handlers\FileHandler' driver.
DEBUG - 2025-06-26 09:14:16 --> Session: Class initialized using 'CodeIgniter\Session\Handlers\FileHandler' driver.
DEBUG - 2025-06-26 09:14:23 --> Session: Class initialized using 'CodeIgniter\Session\Handlers\FileHandler' driver.
DEBUG - 2025-06-26 09:16:14 --> Session: Class initialized using 'CodeIgniter\Session\Handlers\FileHandler' driver.
DEBUG - 2025-06-26 09:19:30 --> Session: Class initialized using 'CodeIgniter\Session\Handlers\FileHandler' driver.
ERROR - 2025-06-26 09:19:34 --> Error connecting to the database: mysqli_sql_exception: No connection could be made because the target machine actively refused it in C:\xampp\htdocs\lab11_ci\ci4\system\Database\MySQLi\Connection.php:202
Stack trace:
#0 C:\xampp\htdocs\lab11_ci\ci4\system\Database\MySQLi\Connection.php(202): mysqli->real_connect('localhost', 'root', '', 'lab_ci4', 3306, '', 0)
#1 C:\xampp\htdocs\lab11_ci\ci4\system\Database\BaseConnection.php(421): CodeIgniter\Database\MySQLi\Connection->connect(false)
#2 C:\xampp\htdocs\lab11_ci\ci4\system\Database\BaseConnection.php(620): CodeIgniter\Database\BaseConnection->initialize()
#3 C:\xampp\htdocs\lab11_ci\ci4\system\Database\BaseBuilder.php(1649): CodeIgniter\Database\BaseConnection->query('SELECT *\nFROM `...', Array, false)
#4 C:\xampp\htdocs\lab11_ci\ci4\system\Model.php(286): CodeIgniter\Database\BaseBuilder->get()
#5 C:\xampp\htdocs\lab11_ci\ci4\system\BaseModel.php(675): CodeIgniter\Model->doFindAll(0, 0)
#6 C:\xampp\htdocs\lab11_ci\ci4\app\Controllers\Artikel.php(163): CodeIgniter\BaseModel->findAll()
#7 C:\xampp\htdocs\lab11_ci\ci4\system\CodeIgniter.php(933): App\Controllers\Artikel->add()
#8 C:\xampp\htdocs\lab11_ci\ci4\system\CodeIgniter.php(507): CodeIgniter\CodeIgniter->runController(Object(App\Controllers\Artikel))
#9 C:\xampp\htdocs\lab11_ci\ci4\system\CodeIgniter.php(354): CodeIgniter\CodeIgniter->handleRequest(NULL, Object(Config\Cache), false)
#10 C:\xampp\htdocs\lab11_ci\ci4\system\Boot.php(334): CodeIgniter\CodeIgniter->run()
#11 C:\xampp\htdocs\lab11_ci\ci4\system\Boot.php(67): CodeIgniter\Boot::runCodeIgniter(Object(CodeIgniter\CodeIgniter))
#12 C:\xampp\htdocs\lab11_ci\ci4\public\index.php(56): CodeIgniter\Boot::bootWeb(Object(Config\Paths))
#13 C:\xampp\htdocs\lab11_ci\ci4\system\rewrite.php(44): require_once('C:\\xampp\\htdocs...')
#14 {main}

Next CodeIgniter\Database\Exceptions\DatabaseException: No connection could be made because the target machine actively refused it in C:\xampp\htdocs\lab11_ci\ci4\system\Database\MySQLi\Connection.php:246
Stack trace:
#0 C:\xampp\htdocs\lab11_ci\ci4\system\Database\BaseConnection.php(421): CodeIgniter\Database\MySQLi\Connection->connect(false)
#1 C:\xampp\htdocs\lab11_ci\ci4\system\Database\BaseConnection.php(620): CodeIgniter\Database\BaseConnection->initialize()
#2 C:\xampp\htdocs\lab11_ci\ci4\system\Database\BaseBuilder.php(1649): CodeIgniter\Database\BaseConnection->query('SELECT *\nFROM `...', Array, false)
#3 C:\xampp\htdocs\lab11_ci\ci4\system\Model.php(286): CodeIgniter\Database\BaseBuilder->get()
#4 C:\xampp\htdocs\lab11_ci\ci4\system\BaseModel.php(675): CodeIgniter\Model->doFindAll(0, 0)
#5 C:\xampp\htdocs\lab11_ci\ci4\app\Controllers\Artikel.php(163): CodeIgniter\BaseModel->findAll()
#6 C:\xampp\htdocs\lab11_ci\ci4\system\CodeIgniter.php(933): App\Controllers\Artikel->add()
#7 C:\xampp\htdocs\lab11_ci\ci4\system\CodeIgniter.php(507): CodeIgniter\CodeIgniter->runController(Object(App\Controllers\Artikel))
#8 C:\xampp\htdocs\lab11_ci\ci4\system\CodeIgniter.php(354): CodeIgniter\CodeIgniter->handleRequest(NULL, Object(Config\Cache), false)
#9 C:\xampp\htdocs\lab11_ci\ci4\system\Boot.php(334): CodeIgniter\CodeIgniter->run()
#10 C:\xampp\htdocs\lab11_ci\ci4\system\Boot.php(67): CodeIgniter\Boot::runCodeIgniter(Object(CodeIgniter\CodeIgniter))
#11 C:\xampp\htdocs\lab11_ci\ci4\public\index.php(56): CodeIgniter\Boot::bootWeb(Object(Config\Paths))
#12 C:\xampp\htdocs\lab11_ci\ci4\system\rewrite.php(44): require_once('C:\\xampp\\htdocs...')
#13 {main}
CRITICAL - 2025-06-26 09:19:34 --> CodeIgniter\Database\Exceptions\DatabaseException: Unable to connect to the database.
Main connection [MySQLi]: No connection could be made because the target machine actively refused it
[Method: POST, Route: admin/artikel/add]
in SYSTEMPATH\Database\BaseConnection.php on line 467.
 1 SYSTEMPATH\Database\BaseConnection.php(620): CodeIgniter\Database\BaseConnection->initialize()
 2 SYSTEMPATH\Database\BaseBuilder.php(1649): CodeIgniter\Database\BaseConnection->query('SELECT *
FROM `kategori`', [], false)
 3 SYSTEMPATH\Model.php(286): CodeIgniter\Database\BaseBuilder->get()
 4 SYSTEMPATH\BaseModel.php(675): CodeIgniter\Model->doFindAll(0, 0)
 5 APPPATH\Controllers\Artikel.php(163): CodeIgniter\BaseModel->findAll()
 6 SYSTEMPATH\CodeIgniter.php(933): App\Controllers\Artikel->add()
 7 SYSTEMPATH\CodeIgniter.php(507): CodeIgniter\CodeIgniter->runController(Object(App\Controllers\Artikel))
 8 SYSTEMPATH\CodeIgniter.php(354): CodeIgniter\CodeIgniter->handleRequest(null, Object(Config\Cache), false)
 9 SYSTEMPATH\Boot.php(334): CodeIgniter\CodeIgniter->run()
10 SYSTEMPATH\Boot.php(67): CodeIgniter\Boot::runCodeIgniter(Object(CodeIgniter\CodeIgniter))
11 FCPATH\index.php(56): CodeIgniter\Boot::bootWeb(Object(Config\Paths))
12 SYSTEMPATH\rewrite.php(44): require_once('C:\\xampp\\htdocs\\lab11_ci\\ci4\\public\\index.php')
DEBUG - 2025-06-26 09:19:59 --> Session: Class initialized using 'CodeIgniter\Session\Handlers\FileHandler' driver.
DEBUG - 2025-06-26 09:19:59 --> Session: Class initialized using 'CodeIgniter\Session\Handlers\FileHandler' driver.
DEBUG - 2025-06-26 09:20:00 --> Session: Class initialized using 'CodeIgniter\Session\Handlers\FileHandler' driver.
DEBUG - 2025-06-26 09:23:28 --> Session: Class initialized using 'CodeIgniter\Session\Handlers\FileHandler' driver.
DEBUG - 2025-06-26 09:23:29 --> Session: Class initialized using 'CodeIgniter\Session\Handlers\FileHandler' driver.
DEBUG - 2025-06-26 09:24:49 --> Session: Class initialized using 'CodeIgniter\Session\Handlers\FileHandler' driver.
DEBUG - 2025-06-26 09:24:49 --> Session: Class initialized using 'CodeIgniter\Session\Handlers\FileHandler' driver.
DEBUG - 2025-06-26 09:24:50 --> Session: Class initialized using 'CodeIgniter\Session\Handlers\FileHandler' driver.
DEBUG - 2025-06-26 09:26:02 --> Session: Class initialized using 'CodeIgniter\Session\Handlers\FileHandler' driver.
DEBUG - 2025-06-26 09:26:02 --> Session: Class initialized using 'CodeIgniter\Session\Handlers\FileHandler' driver.
DEBUG - 2025-06-26 09:26:03 --> Session: Class initialized using 'CodeIgniter\Session\Handlers\FileHandler' driver.
DEBUG - 2025-06-26 09:27:01 --> Session: Class initialized using 'CodeIgniter\Session\Handlers\FileHandler' driver.
DEBUG - 2025-06-26 09:27:24 --> Session: Class initialized using 'CodeIgniter\Session\Handlers\FileHandler' driver.
DEBUG - 2025-06-26 09:27:25 --> Session: Class initialized using 'CodeIgniter\Session\Handlers\FileHandler' driver.
DEBUG - 2025-06-26 09:28:14 --> Session: Class initialized using 'CodeIgniter\Session\Handlers\FileHandler' driver.
DEBUG - 2025-06-26 09:29:33 --> Session: Class initialized using 'CodeIgniter\Session\Handlers\FileHandler' driver.
DEBUG - 2025-06-26 09:29:33 --> Session: Class initialized using 'CodeIgniter\Session\Handlers\FileHandler' driver.
